# This is the CMakeCache file.
# For build in directory: c:/Users/rsmythe/source/repos/pyquantile/quantile-estimator/_skbuild/win32-3.11/cmake-build
# It was generated by CMake: C:/Program Files/Microsoft Visual Studio/2022/Professional/Common7/IDE/CommonExtensions/Microsoft/CMake/CMake/bin/cmake.exe
# You can edit this file to change values found and used by cmake.
# If you do not want to change any of the values, simply exit the editor.
# If you do want to change a value, simply edit, save, and exit the editor.
# The syntax for the file is as follows:
# KEY:TYPE=VALUE
# KEY is the name of a variable in the cache.
# TYPE is a hint to GUIs for the type of VALUE, DO NOT EDIT TYPE!.
# VALUE is the current value for the KEY.

########################
# EXTERNAL cache entries
########################

//Path to a program.
CMAKE_AR:FILEPATH=C:/Program Files/Microsoft Visual Studio/2022/Professional/VC/Tools/MSVC/14.44.35207/bin/Hostx86/x64/lib.exe

//No help, variable specified on the command line.
CMAKE_BUILD_TYPE:STRING=Release

//CXX compiler
CMAKE_CXX_COMPILER:FILEPATH=C:/Program Files/Microsoft Visual Studio/2022/Professional/VC/Tools/MSVC/14.44.35207/bin/Hostx86/x64/cl.exe

//Flags used by the CXX compiler during all build types.
CMAKE_CXX_FLAGS:STRING=/DWIN32 /D_WINDOWS /W3 /GR /EHsc

//Flags used by the CXX compiler during DEBUG builds.
CMAKE_CXX_FLAGS_DEBUG:STRING=/MDd /Zi /Ob0 /Od /RTC1

//Flags used by the CXX compiler during MINSIZEREL builds.
CMAKE_CXX_FLAGS_MINSIZEREL:STRING=/MD /O1 /Ob1 /DNDEBUG

//Flags used by the CXX compiler during RELEASE builds.
CMAKE_CXX_FLAGS_RELEASE:STRING=/MD /O2 /Ob2 /DNDEBUG

//Flags used by the CXX compiler during RELWITHDEBINFO builds.
CMAKE_CXX_FLAGS_RELWITHDEBINFO:STRING=/MD /Zi /O2 /Ob1 /DNDEBUG

//Libraries linked by default with all C++ applications.
CMAKE_CXX_STANDARD_LIBRARIES:STRING=kernel32.lib user32.lib gdi32.lib winspool.lib shell32.lib ole32.lib oleaut32.lib uuid.lib comdlg32.lib advapi32.lib

//Flags used by the linker during all build types.
CMAKE_EXE_LINKER_FLAGS:STRING=/machine:x64

//Flags used by the linker during DEBUG builds.
CMAKE_EXE_LINKER_FLAGS_DEBUG:STRING=/debug /INCREMENTAL

//Flags used by the linker during MINSIZEREL builds.
CMAKE_EXE_LINKER_FLAGS_MINSIZEREL:STRING=/INCREMENTAL:NO

//Flags used by the linker during RELEASE builds.
CMAKE_EXE_LINKER_FLAGS_RELEASE:STRING=/INCREMENTAL:NO

//Flags used by the linker during RELWITHDEBINFO builds.
CMAKE_EXE_LINKER_FLAGS_RELWITHDEBINFO:STRING=/debug /INCREMENTAL

//Enable/Disable output of build database during the build.
CMAKE_EXPORT_BUILD_DATABASE:BOOL=

//Enable/Disable output of compile commands during generation.
CMAKE_EXPORT_COMPILE_COMMANDS:BOOL=

//Value Computed by CMake.
CMAKE_FIND_PACKAGE_REDIRECTS_DIR:STATIC=C:/Users/rsmythe/source/repos/pyquantile/quantile-estimator/_skbuild/win32-3.11/cmake-build/CMakeFiles/pkgRedirects

//No help, variable specified on the command line.
CMAKE_INSTALL_PREFIX:PATH=C:/Users/rsmythe/source/repos/pyquantile/quantile-estimator/_skbuild/win32-3.11/cmake-install/pyquantile

//Path to a program.
CMAKE_LINKER:FILEPATH=C:/Program Files/Microsoft Visual Studio/2022/Professional/VC/Tools/MSVC/14.44.35207/bin/Hostx86/x64/link.exe

//Program used to build from build.ninja files.
CMAKE_MAKE_PROGRAM:FILEPATH=C:/Users/rsmythe/AppData/Local/Programs/Python/Python311/Scripts/ninja.exe

//Flags used by the linker during the creation of modules during
// all build types.
CMAKE_MODULE_LINKER_FLAGS:STRING=/machine:x64

//Flags used by the linker during the creation of modules during
// DEBUG builds.
CMAKE_MODULE_LINKER_FLAGS_DEBUG:STRING=/debug /INCREMENTAL

//Flags used by the linker during the creation of modules during
// MINSIZEREL builds.
CMAKE_MODULE_LINKER_FLAGS_MINSIZEREL:STRING=/INCREMENTAL:NO

//Flags used by the linker during the creation of modules during
// RELEASE builds.
CMAKE_MODULE_LINKER_FLAGS_RELEASE:STRING=/INCREMENTAL:NO

//Flags used by the linker during the creation of modules during
// RELWITHDEBINFO builds.
CMAKE_MODULE_LINKER_FLAGS_RELWITHDEBINFO:STRING=/debug /INCREMENTAL

//No help, variable specified on the command line.
CMAKE_MODULE_PATH:PATH=C:/Users/rsmythe/AppData/Local/Temp/1/pip-build-env-ejvpo2vt/overlay/Lib/site-packages/skbuild/resources/cmake

//Path to a program.
CMAKE_MT:FILEPATH=C:/Program Files (x86)/Windows Kits/10/bin/10.0.26100.0/x86/mt.exe

//No help, variable specified on the command line.
CMAKE_PREFIX_PATH:UNINITIALIZED=C:\Users\rsmythe\AppData\Local\Temp\1\pip-build-env-ejvpo2vt\overlay\Lib\site-packages\pybind11\share\cmake\pybind11

//Value Computed by CMake
CMAKE_PROJECT_DESCRIPTION:STATIC=

//Value Computed by CMake
CMAKE_PROJECT_HOMEPAGE_URL:STATIC=

//Value Computed by CMake
CMAKE_PROJECT_NAME:STATIC=PyQuantile

//RC compiler
CMAKE_RC_COMPILER:FILEPATH=C:/Program Files (x86)/Windows Kits/10/bin/10.0.26100.0/x86/rc.exe

//Flags for Windows Resource Compiler during all build types.
CMAKE_RC_FLAGS:STRING=-DWIN32

//Flags for Windows Resource Compiler during DEBUG builds.
CMAKE_RC_FLAGS_DEBUG:STRING=-D_DEBUG

//Flags for Windows Resource Compiler during MINSIZEREL builds.
CMAKE_RC_FLAGS_MINSIZEREL:STRING=

//Flags for Windows Resource Compiler during RELEASE builds.
CMAKE_RC_FLAGS_RELEASE:STRING=

//Flags for Windows Resource Compiler during RELWITHDEBINFO builds.
CMAKE_RC_FLAGS_RELWITHDEBINFO:STRING=

//Flags used by the linker during the creation of shared libraries
// during all build types.
CMAKE_SHARED_LINKER_FLAGS:STRING=/machine:x64

//Flags used by the linker during the creation of shared libraries
// during DEBUG builds.
CMAKE_SHARED_LINKER_FLAGS_DEBUG:STRING=/debug /INCREMENTAL

//Flags used by the linker during the creation of shared libraries
// during MINSIZEREL builds.
CMAKE_SHARED_LINKER_FLAGS_MINSIZEREL:STRING=/INCREMENTAL:NO

//Flags used by the linker during the creation of shared libraries
// during RELEASE builds.
CMAKE_SHARED_LINKER_FLAGS_RELEASE:STRING=/INCREMENTAL:NO

//Flags used by the linker during the creation of shared libraries
// during RELWITHDEBINFO builds.
CMAKE_SHARED_LINKER_FLAGS_RELWITHDEBINFO:STRING=/debug /INCREMENTAL

//If set, runtime paths are not added when installing shared libraries,
// but are added when building.
CMAKE_SKIP_INSTALL_RPATH:BOOL=NO

//If set, runtime paths are not added when using shared libraries.
CMAKE_SKIP_RPATH:BOOL=NO

//Flags used by the linker during the creation of static libraries
// during all build types.
CMAKE_STATIC_LINKER_FLAGS:STRING=/machine:x64

//Flags used by the linker during the creation of static libraries
// during DEBUG builds.
CMAKE_STATIC_LINKER_FLAGS_DEBUG:STRING=

//Flags used by the linker during the creation of static libraries
// during MINSIZEREL builds.
CMAKE_STATIC_LINKER_FLAGS_MINSIZEREL:STRING=

//Flags used by the linker during the creation of static libraries
// during RELEASE builds.
CMAKE_STATIC_LINKER_FLAGS_RELEASE:STRING=

//Flags used by the linker during the creation of static libraries
// during RELWITHDEBINFO builds.
CMAKE_STATIC_LINKER_FLAGS_RELWITHDEBINFO:STRING=

//If this value is on, makefiles will be generated without the
// .SILENT directive, and all commands will be echoed to the console
// during the make.  This is useful for debugging only. With Visual
// Studio IDE projects all commands are done without /nologo.
CMAKE_VERBOSE_MAKEFILE:BOOL=FALSE

//No help, variable specified on the command line.
PYTHON_EXECUTABLE:PATH=C:/Users/rsmythe/AppData/Local/Programs/Python/Python311/python.exe

//No help, variable specified on the command line.
PYTHON_INCLUDE_DIR:PATH=C:/Users/rsmythe/AppData/Local/Programs/Python/Python311/Include

//No help, variable specified on the command line.
PYTHON_LIBRARY:PATH=C:/Users/rsmythe/AppData/Local/Programs/Python/Python311/libs/python311.lib

//No help, variable specified on the command line.
PYTHON_VERSION_STRING:STRING=3.11.9

//Value Computed by CMake
PyQuantile_BINARY_DIR:STATIC=C:/Users/rsmythe/source/repos/pyquantile/quantile-estimator/_skbuild/win32-3.11/cmake-build

//Value Computed by CMake
PyQuantile_IS_TOP_LEVEL:STATIC=ON

//Value Computed by CMake
PyQuantile_SOURCE_DIR:STATIC=C:/Users/rsmythe/source/repos/pyquantile/quantile-estimator

//No help, variable specified on the command line.
Python3_EXECUTABLE:PATH=C:/Users/rsmythe/AppData/Local/Programs/Python/Python311/python.exe

//No help, variable specified on the command line.
Python3_FIND_REGISTRY:STRING=NEVER

//No help, variable specified on the command line.
Python3_INCLUDE_DIR:PATH=C:/Users/rsmythe/AppData/Local/Programs/Python/Python311/Include

//No help, variable specified on the command line.
Python3_LIBRARY:PATH=C:/Users/rsmythe/AppData/Local/Programs/Python/Python311/libs/python311.lib

//No help, variable specified on the command line.
Python3_ROOT_DIR:PATH=C:/Users/rsmythe/AppData/Local/Programs/Python/Python311

//No help, variable specified on the command line.
Python_EXECUTABLE:PATH=C:/Users/rsmythe/AppData/Local/Programs/Python/Python311/python.exe

//No help, variable specified on the command line.
Python_FIND_REGISTRY:STRING=NEVER

//No help, variable specified on the command line.
Python_INCLUDE_DIR:PATH=C:/Users/rsmythe/AppData/Local/Programs/Python/Python311/Include

//No help, variable specified on the command line.
Python_LIBRARY:PATH=C:/Users/rsmythe/AppData/Local/Programs/Python/Python311/libs/python311.lib

//No help, variable specified on the command line.
Python_ROOT_DIR:PATH=C:/Users/rsmythe/AppData/Local/Programs/Python/Python311

//No help, variable specified on the command line.
_SKBUILD_FORCE_MSVC:UNINITIALIZED=1930

//The directory containing a CMake configuration file for pybind11.
pybind11_DIR:PATH=C:/Users/rsmythe/AppData/Local/Temp/1/pip-build-env-ejvpo2vt/overlay/Lib/site-packages/pybind11/share/cmake/pybind11


########################
# INTERNAL cache entries
########################

//ADVANCED property for variable: CMAKE_AR
CMAKE_AR-ADVANCED:INTERNAL=1
//This is the directory where this CMakeCache.txt was created
CMAKE_CACHEFILE_DIR:INTERNAL=c:/Users/rsmythe/source/repos/pyquantile/quantile-estimator/_skbuild/win32-3.11/cmake-build
//Major version of cmake used to create the current loaded cache
CMAKE_CACHE_MAJOR_VERSION:INTERNAL=3
//Minor version of cmake used to create the current loaded cache
CMAKE_CACHE_MINOR_VERSION:INTERNAL=31
//Patch version of cmake used to create the current loaded cache
CMAKE_CACHE_PATCH_VERSION:INTERNAL=6
//Path to CMake executable.
CMAKE_COMMAND:INTERNAL=C:/Program Files/Microsoft Visual Studio/2022/Professional/Common7/IDE/CommonExtensions/Microsoft/CMake/CMake/bin/cmake.exe
//Path to cpack program executable.
CMAKE_CPACK_COMMAND:INTERNAL=C:/Program Files/Microsoft Visual Studio/2022/Professional/Common7/IDE/CommonExtensions/Microsoft/CMake/CMake/bin/cpack.exe
//Path to ctest program executable.
CMAKE_CTEST_COMMAND:INTERNAL=C:/Program Files/Microsoft Visual Studio/2022/Professional/Common7/IDE/CommonExtensions/Microsoft/CMake/CMake/bin/ctest.exe
//ADVANCED property for variable: CMAKE_CXX_COMPILER
CMAKE_CXX_COMPILER-ADVANCED:INTERNAL=1
//ADVANCED property for variable: CMAKE_CXX_FLAGS
CMAKE_CXX_FLAGS-ADVANCED:INTERNAL=1
//ADVANCED property for variable: CMAKE_CXX_FLAGS_DEBUG
CMAKE_CXX_FLAGS_DEBUG-ADVANCED:INTERNAL=1
//ADVANCED property for variable: CMAKE_CXX_FLAGS_MINSIZEREL
CMAKE_CXX_FLAGS_MINSIZEREL-ADVANCED:INTERNAL=1
//ADVANCED property for variable: CMAKE_CXX_FLAGS_RELEASE
CMAKE_CXX_FLAGS_RELEASE-ADVANCED:INTERNAL=1
//ADVANCED property for variable: CMAKE_CXX_FLAGS_RELWITHDEBINFO
CMAKE_CXX_FLAGS_RELWITHDEBINFO-ADVANCED:INTERNAL=1
//ADVANCED property for variable: CMAKE_CXX_STANDARD_LIBRARIES
CMAKE_CXX_STANDARD_LIBRARIES-ADVANCED:INTERNAL=1
//Executable file format
CMAKE_EXECUTABLE_FORMAT:INTERNAL=Unknown
//ADVANCED property for variable: CMAKE_EXE_LINKER_FLAGS
CMAKE_EXE_LINKER_FLAGS-ADVANCED:INTERNAL=1
//ADVANCED property for variable: CMAKE_EXE_LINKER_FLAGS_DEBUG
CMAKE_EXE_LINKER_FLAGS_DEBUG-ADVANCED:INTERNAL=1
//ADVANCED property for variable: CMAKE_EXE_LINKER_FLAGS_MINSIZEREL
CMAKE_EXE_LINKER_FLAGS_MINSIZEREL-ADVANCED:INTERNAL=1
//ADVANCED property for variable: CMAKE_EXE_LINKER_FLAGS_RELEASE
CMAKE_EXE_LINKER_FLAGS_RELEASE-ADVANCED:INTERNAL=1
//ADVANCED property for variable: CMAKE_EXE_LINKER_FLAGS_RELWITHDEBINFO
CMAKE_EXE_LINKER_FLAGS_RELWITHDEBINFO-ADVANCED:INTERNAL=1
//ADVANCED property for variable: CMAKE_EXPORT_BUILD_DATABASE
CMAKE_EXPORT_BUILD_DATABASE-ADVANCED:INTERNAL=1
//ADVANCED property for variable: CMAKE_EXPORT_COMPILE_COMMANDS
CMAKE_EXPORT_COMPILE_COMMANDS-ADVANCED:INTERNAL=1
//Name of external makefile project generator.
CMAKE_EXTRA_GENERATOR:INTERNAL=
//Name of generator.
CMAKE_GENERATOR:INTERNAL=Ninja
//Generator instance identifier.
CMAKE_GENERATOR_INSTANCE:INTERNAL=
//Name of generator platform.
CMAKE_GENERATOR_PLATFORM:INTERNAL=
//Name of generator toolset.
CMAKE_GENERATOR_TOOLSET:INTERNAL=
//Source directory with the top level CMakeLists.txt file for this
// project
CMAKE_HOME_DIRECTORY:INTERNAL=C:/Users/rsmythe/source/repos/pyquantile/quantile-estimator
//ADVANCED property for variable: CMAKE_LINKER
CMAKE_LINKER-ADVANCED:INTERNAL=1
//ADVANCED property for variable: CMAKE_MAKE_PROGRAM
CMAKE_MAKE_PROGRAM-ADVANCED:INTERNAL=1
//ADVANCED property for variable: CMAKE_MODULE_LINKER_FLAGS
CMAKE_MODULE_LINKER_FLAGS-ADVANCED:INTERNAL=1
//ADVANCED property for variable: CMAKE_MODULE_LINKER_FLAGS_DEBUG
CMAKE_MODULE_LINKER_FLAGS_DEBUG-ADVANCED:INTERNAL=1
//ADVANCED property for variable: CMAKE_MODULE_LINKER_FLAGS_MINSIZEREL
CMAKE_MODULE_LINKER_FLAGS_MINSIZEREL-ADVANCED:INTERNAL=1
//ADVANCED property for variable: CMAKE_MODULE_LINKER_FLAGS_RELEASE
CMAKE_MODULE_LINKER_FLAGS_RELEASE-ADVANCED:INTERNAL=1
//ADVANCED property for variable: CMAKE_MODULE_LINKER_FLAGS_RELWITHDEBINFO
CMAKE_MODULE_LINKER_FLAGS_RELWITHDEBINFO-ADVANCED:INTERNAL=1
//ADVANCED property for variable: CMAKE_MT
CMAKE_MT-ADVANCED:INTERNAL=1
//number of local generators
CMAKE_NUMBER_OF_MAKEFILES:INTERNAL=1
//Platform information initialized
CMAKE_PLATFORM_INFO_INITIALIZED:INTERNAL=1
//noop for ranlib
CMAKE_RANLIB:INTERNAL=:
//ADVANCED property for variable: CMAKE_RC_COMPILER
CMAKE_RC_COMPILER-ADVANCED:INTERNAL=1
CMAKE_RC_COMPILER_WORKS:INTERNAL=1
//ADVANCED property for variable: CMAKE_RC_FLAGS
CMAKE_RC_FLAGS-ADVANCED:INTERNAL=1
//ADVANCED property for variable: CMAKE_RC_FLAGS_DEBUG
CMAKE_RC_FLAGS_DEBUG-ADVANCED:INTERNAL=1
//ADVANCED property for variable: CMAKE_RC_FLAGS_MINSIZEREL
CMAKE_RC_FLAGS_MINSIZEREL-ADVANCED:INTERNAL=1
//ADVANCED property for variable: CMAKE_RC_FLAGS_RELEASE
CMAKE_RC_FLAGS_RELEASE-ADVANCED:INTERNAL=1
//ADVANCED property for variable: CMAKE_RC_FLAGS_RELWITHDEBINFO
CMAKE_RC_FLAGS_RELWITHDEBINFO-ADVANCED:INTERNAL=1
//Path to CMake installation.
CMAKE_ROOT:INTERNAL=C:/Program Files/Microsoft Visual Studio/2022/Professional/Common7/IDE/CommonExtensions/Microsoft/CMake/CMake/share/cmake-3.31
//ADVANCED property for variable: CMAKE_SHARED_LINKER_FLAGS
CMAKE_SHARED_LINKER_FLAGS-ADVANCED:INTERNAL=1
//ADVANCED property for variable: CMAKE_SHARED_LINKER_FLAGS_DEBUG
CMAKE_SHARED_LINKER_FLAGS_DEBUG-ADVANCED:INTERNAL=1
//ADVANCED property for variable: CMAKE_SHARED_LINKER_FLAGS_MINSIZEREL
CMAKE_SHARED_LINKER_FLAGS_MINSIZEREL-ADVANCED:INTERNAL=1
//ADVANCED property for variable: CMAKE_SHARED_LINKER_FLAGS_RELEASE
CMAKE_SHARED_LINKER_FLAGS_RELEASE-ADVANCED:INTERNAL=1
//ADVANCED property for variable: CMAKE_SHARED_LINKER_FLAGS_RELWITHDEBINFO
CMAKE_SHARED_LINKER_FLAGS_RELWITHDEBINFO-ADVANCED:INTERNAL=1
//ADVANCED property for variable: CMAKE_SKIP_INSTALL_RPATH
CMAKE_SKIP_INSTALL_RPATH-ADVANCED:INTERNAL=1
//ADVANCED property for variable: CMAKE_SKIP_RPATH
CMAKE_SKIP_RPATH-ADVANCED:INTERNAL=1
//ADVANCED property for variable: CMAKE_STATIC_LINKER_FLAGS
CMAKE_STATIC_LINKER_FLAGS-ADVANCED:INTERNAL=1
//ADVANCED property for variable: CMAKE_STATIC_LINKER_FLAGS_DEBUG
CMAKE_STATIC_LINKER_FLAGS_DEBUG-ADVANCED:INTERNAL=1
//ADVANCED property for variable: CMAKE_STATIC_LINKER_FLAGS_MINSIZEREL
CMAKE_STATIC_LINKER_FLAGS_MINSIZEREL-ADVANCED:INTERNAL=1
//ADVANCED property for variable: CMAKE_STATIC_LINKER_FLAGS_RELEASE
CMAKE_STATIC_LINKER_FLAGS_RELEASE-ADVANCED:INTERNAL=1
//ADVANCED property for variable: CMAKE_STATIC_LINKER_FLAGS_RELWITHDEBINFO
CMAKE_STATIC_LINKER_FLAGS_RELWITHDEBINFO-ADVANCED:INTERNAL=1
//ADVANCED property for variable: CMAKE_VERBOSE_MAKEFILE
CMAKE_VERBOSE_MAKEFILE-ADVANCED:INTERNAL=1
//Details about finding Python
FIND_PACKAGE_MESSAGE_DETAILS_Python:INTERNAL=[C:/Users/rsmythe/AppData/Local/Programs/Python/Python311/python.exe][C:/Users/rsmythe/AppData/Local/Programs/Python/Python311/libs/python311.lib][C:/Users/rsmythe/AppData/Local/Programs/Python/Python311/Include][cfound components: Interpreter Development.Module Development.Embed ][v3.11.9(3.8)]
//Test HAS_MSVC_GL_LTCG
HAS_MSVC_GL_LTCG:INTERNAL=1
//Python executable during the last CMake run
PYBIND11_PYTHON_EXECUTABLE_LAST:INTERNAL=C:/Users/rsmythe/AppData/Local/Programs/Python/Python311/python.exe
//Python debug status
PYTHON_IS_DEBUG:INTERNAL=0
PYTHON_MODULE_DEBUG_POSTFIX:INTERNAL=
PYTHON_MODULE_EXTENSION:INTERNAL=.cp311-win_amd64.pyd
//No help, variable specified on the command line.
SKBUILD:INTERNAL=TRUE
_PYBIND11_CROSSCOMPILING:INTERNAL=OFF
_Python:INTERNAL=Python
//Compiler reason failure
_Python_Compiler_REASON_FAILURE:INTERNAL=
_Python_DEVELOPMENT_EMBED_SIGNATURE:INTERNAL=f880f5c0b53d616d6bb8a37cc2c1b1c3
_Python_DEVELOPMENT_MODULE_SIGNATURE:INTERNAL=f880f5c0b53d616d6bb8a37cc2c1b1c3
//Development reason failure
_Python_Development_REASON_FAILURE:INTERNAL=
_Python_EXECUTABLE:INTERNAL=C:/Users/rsmythe/AppData/Local/Programs/Python/Python311/python.exe
//Path to a program.
_Python_EXECUTABLE_DEBUG:INTERNAL=_Python_EXECUTABLE_DEBUG-NOTFOUND
_Python_INCLUDE_DIR:INTERNAL=C:/Users/rsmythe/AppData/Local/Programs/Python/Python311/Include
//Python Properties
_Python_INTERPRETER_PROPERTIES:INTERNAL=Python;3;11;9;64;<none>;cp311-win_amd64;;C:\Users\rsmythe\AppData\Local\Programs\Python\Python311\Lib;C:\Users\rsmythe\AppData\Local\Programs\Python\Python311\Lib;C:\Users\rsmythe\AppData\Local\Programs\Python\Python311\Lib\site-packages;C:\Users\rsmythe\AppData\Local\Programs\Python\Python311\Lib\site-packages
_Python_INTERPRETER_SIGNATURE:INTERNAL=79c80ede11a25b3e4f28381ebf1a9e2b
//Path to a library.
_Python_LIBRARY_DEBUG:INTERNAL=_Python_LIBRARY_DEBUG-NOTFOUND
_Python_LIBRARY_RELEASE:INTERNAL=C:/Users/rsmythe/AppData/Local/Programs/Python/Python311/libs/python311.lib
//NumPy reason failure
_Python_NumPy_REASON_FAILURE:INTERNAL=
//Path to a library.
_Python_RUNTIME_LIBRARY_RELEASE:INTERNAL=C:/Users/rsmythe/AppData/Local/Programs/Python/Python311/python311.dll
//Directories where pybind11 and possibly Python headers are located
pybind11_INCLUDE_DIRS:INTERNAL=C:/Users/rsmythe/AppData/Local/Temp/1/pip-build-env-ejvpo2vt/overlay/Lib/site-packages/pybind11/include;C:/Users/rsmythe/AppData/Local/Programs/Python/Python311/Include

